<?xml version="1.0" encoding="UTF-8"?>
<!-- Generated by org.testng.reporters.JUnitReportReporter -->
<testsuite hostname="GIFTECH-L-080" failures="0" tests="2" name="TestCases.DemoParallel" time="83.499" errors="0" timestamp="2023-02-06T19:08:10 IST" skipped="0">
  <testcase classname="TestCases.DemoParallel" name="parallelExecution" time="41.277"/>
  <system-out/>
  <testcase classname="TestCases.DemoParallel" name="parallelExecution" time="42.222"/>
  <system-out/>
</testsuite> <!-- TestCases.DemoParallel -->
