<?xml version="1.0" encoding="UTF-8"?>
<!-- Generated by org.testng.reporters.JUnitReportReporter -->
<testsuite hostname="GIFTECH-L-080" failures="0" tests="1" name="TestCases.admissionPageTest" time="1670.916" errors="0" timestamp="2023-03-24T15:49:15 IST" skipped="0">
  <testcase classname="TestCases.admissionPageTest" name="admissionFormTest" time="1670.916"/>
  <system-out/>
</testsuite> <!-- TestCases.admissionPageTest -->
